<?xml version="1.0" encoding="UTF-8"?>
<!-- Generated by org.testng.reporters.JUnitXMLReporter -->
<testsuite ignored="0" hostname="LAPTOP-U45D1867" failures="2" tests="3" name="Run in Edge" time="30.398" errors="0" timestamp="2025-01-15T20:54:31 IST">
  <testcase classname="com.sevenrmartsupermarket.tests.LoginTest" name="verifyUserLogin" time="2.812">
    <failure type="java.lang.AssertionError" message="expected [null] but found [false]">
      <![CDATA[java.lang.AssertionError: expected [null] but found [false]
at com.sevenrmartsupermarket.tests.LoginTest.verifyUserLogin(LoginTest.java:23)
at java.base/java.util.ArrayList.forEach(ArrayList.java:1597)
at java.base/java.util.concurrent.FutureTask.run(FutureTask.java:317)
at java.base/java.util.concurrent.ThreadPoolExecutor.runWorker(ThreadPoolExecutor.java:1144)
at java.base/java.util.concurrent.ThreadPoolExecutor$Worker.run(ThreadPoolExecutor.java:642)
at java.base/java.lang.Thread.run(Thread.java:1575)
... Removed 21 stack frames]]>
    </failure>
  </testcase> <!-- verifyUserLogin -->
  <testcase classname="com.sevenrmartsupermarket.tests.DashBoardTest" name="verifyUserLogout" time="4.34">
    <failure type="java.lang.AssertionError" message="expected [true] but found [false]">
      <![CDATA[java.lang.AssertionError: expected [true] but found [false]
at com.sevenrmartsupermarket.tests.DashBoardTest.verifyUserLogout(DashBoardTest.java:20)
at java.base/java.util.ArrayList.forEach(ArrayList.java:1597)
at java.base/java.util.concurrent.FutureTask.run(FutureTask.java:317)
at java.base/java.util.concurrent.ThreadPoolExecutor.runWorker(ThreadPoolExecutor.java:1144)
at java.base/java.util.concurrent.ThreadPoolExecutor$Worker.run(ThreadPoolExecutor.java:642)
at java.base/java.lang.Thread.run(Thread.java:1575)
... Removed 19 stack frames]]>
    </failure>
  </testcase> <!-- verifyUserLogout -->
  <testcase classname="com.sevenrmartsupermarket.tests.ManageNewsTest" name="verifyNewNewsInput" time="0.0">
    <skipped/>
  </testcase> <!-- verifyNewNewsInput -->
</testsuite> <!-- Run in Edge -->
