<?xml version="1.0" encoding="UTF-8"?>
<!-- Generated by org.testng.reporters.JUnitXMLReporter -->
<testsuite ignored="3" hostname="LAPTOP-U45D1867" failures="0" tests="0" time="0.01" errors="0" timestamp="2025-01-15T21:21:04 IST">
  <testcase classname="com.sevenrmartsupermarket.tests.ManageNewsTest" name="verifyNewNewsInput" time="0.0">
    <ignored/>
  </testcase> <!-- verifyNewNewsInput -->
  <testcase classname="com.sevenrmartsupermarket.tests.LoginTest" name="verifyUserLogin" time="0.0">
    <ignored/>
  </testcase> <!-- verifyUserLogin -->
  <testcase classname="com.sevenrmartsupermarket.tests.DashBoardTest" name="verifyUserLogout" time="0.0">
    <ignored/>
  </testcase> <!-- verifyUserLogout -->
</testsuite>
