# JRE version: OpenJDK Runtime Environment Temurin-23.0.1+11 (23.0.1+11) (build 23.0.1+11)
# Java VM: OpenJDK 64-Bit Server VM Temurin-23.0.1+11 (23.0.1+11, mixed mode, sharing, tiered, compressed oops, compressed class ptrs, g1 gc, windows-amd64)
GC Precious Log:
 CardTable entry size: 512
 Card Set container configuration: InlinePtr #cards 4 size 8 Array Of Cards #cards 16 size 48 Howl #buckets 8 coarsen threshold 3686 Howl Bitmap #cards 512 size 80 coarsen threshold 460 Card regions per heap region 1 cards per card region 4096
 CPUs: 12 total, 12 available
 Memory: 16052M
 Large Page Support: Disabled
 NUMA Support: Disabled
 Compressed Oops: Enabled (Zero based)
 Heap Region Size: 2M
 Heap Min Capacity: 8M
 Heap Initial Capacity: 252M
 Heap Max Capacity: 4014M
 Pre-touch: Disabled
 Parallel Workers: 10
 Concurrent Workers: 3
 Concurrent Refinement Workers: 10
 Periodic GC: Disabled
Heap:
 garbage-first heap   total reserved 4110336K, committed 81920K, used 68821K [0x0000000705200000, 0x0000000800000000)
  region size 2048K, 15 young (30720K), 1 survivors (2048K)
 Metaspace       used 29887K, committed 30272K, reserved 1114112K
  class space    used 3582K, committed 3712K, reserved 1048576K
GC Heap History (20 events):
Event: 17.088 GC heap before
{Heap before GC invocations=5 (full 0):
 garbage-first heap   total reserved 4110336K, committed 75776K, used 72107K [0x0000000705200000, 0x0000000800000000)
  region size 2048K, 21 young (43008K), 1 survivors (2048K)
 Metaspace       used 28491K, committed 28800K, reserved 1114112K
  class space    used 3568K, committed 3712K, reserved 1048576K
}
Event: 17.096 GC heap after
{Heap after GC invocations=6 (full 0):
 garbage-first heap   total reserved 4110336K, committed 81920K, used 35782K [0x0000000705200000, 0x0000000800000000)
  region size 2048K, 3 young (6144K), 3 survivors (6144K)
 Metaspace       used 28491K, committed 28800K, reserved 1114112K
  class space    used 3568K, committed 3712K, reserved 1048576K
}
Event: 17.291 GC heap before
{Heap before GC invocations=6 (full 0):
 garbage-first heap   total reserved 4110336K, committed 81920K, used 37830K [0x0000000705200000, 0x0000000800000000)
  region size 2048K, 5 young (10240K), 3 survivors (6144K)
 Metaspace       used 28511K, committed 28864K, reserved 1114112K
  class space    used 3568K, committed 3712K, reserved 1048576K
}
Event: 17.296 GC heap after
{Heap after GC invocations=7 (full 0):
 garbage-first heap   total reserved 4110336K, committed 81920K, used 36387K [0x0000000705200000, 0x0000000800000000)
  region size 2048K, 1 young (2048K), 1 survivors (2048K)
 Metaspace       used 28511K, committed 28864K, reserved 1114112K
  class space    used 3568K, committed 3712K, reserved 1048576K
}
Event: 225.771 GC heap before
{Heap before GC invocations=7 (full 0):
 garbage-first heap   total reserved 4110336K, committed 81920K, used 71203K [0x0000000705200000, 0x0000000800000000)
  region size 2048K, 15 young (30720K), 1 survivors (2048K)
 Metaspace       used 29507K, committed 29888K, reserved 1114112K
  class space    used 3581K, committed 3712K, reserved 1048576K
}
Event: 225.774 GC heap after
{Heap after GC invocations=8 (full 0):
 garbage-first heap   total reserved 4110336K, committed 81920K, used 42649K [0x0000000705200000, 0x0000000800000000)
  region size 2048K, 1 young (2048K), 1 survivors (2048K)
 Metaspace       used 29507K, committed 29888K, reserved 1114112K
  class space    used 3581K, committed 3712K, reserved 1048576K
}
Event: 381.541 GC heap before
{Heap before GC invocations=8 (full 0):
 garbage-first heap   total reserved 4110336K, committed 81920K, used 69273K [0x0000000705200000, 0x0000000800000000)
  region size 2048K, 14 young (28672K), 1 survivors (2048K)
 Metaspace       used 29847K, committed 30208K, reserved 1114112K
  class space    used 3582K, committed 3712K, reserved 1048576K
}
Event: 381.545 GC heap after
{Heap after GC invocations=9 (full 0):
 garbage-first heap   total reserved 4110336K, committed 81920K, used 42706K [0x0000000705200000, 0x0000000800000000)
  region size 2048K, 1 young (2048K), 1 survivors (2048K)
 Metaspace       used 29847K, committed 30208K, reserved 1114112K
  class space    used 3582K, committed 3712K, reserved 1048576K
}
Event: 529.194 GC heap before
{Heap before GC invocations=10 (full 0):
 garbage-first heap   total reserved 4110336K, committed 81920K, used 69330K [0x0000000705200000, 0x0000000800000000)
  region size 2048K, 14 young (28672K), 1 survivors (2048K)
 Metaspace       used 29876K, committed 30272K, reserved 1114112K
  class space    used 3582K, committed 3712K, reserved 1048576K
}
Event: 529.198 GC heap after
{Heap after GC invocations=11 (full 0):
 garbage-first heap   total reserved 4110336K, committed 81920K, used 42690K [0x0000000705200000, 0x0000000800000000)
  region size 2048K, 1 young (2048K), 1 survivors (2048K)
 Metaspace       used 29876K, committed 30272K, reserved 1114112K
  class space    used 3582K, committed 3712K, reserved 1048576K
}
Event: 687.303 GC heap before
{Heap before GC invocations=11 (full 0):
 garbage-first heap   total reserved 4110336K, committed 81920K, used 71362K [0x0000000705200000, 0x0000000800000000)
  region size 2048K, 15 young (30720K), 1 survivors (2048K)
 Metaspace       used 29885K, committed 30272K, reserved 1114112K
  class space    used 3582K, committed 3712K, reserved 1048576K
}
Event: 687.306 GC heap after
{Heap after GC invocations=12 (full 0):
 garbage-first heap   total reserved 4110336K, committed 81920K, used 42412K [0x0000000705200000, 0x0000000800000000)
  region size 2048K, 1 young (2048K), 1 survivors (2048K)
 Metaspace       used 29885K, committed 30272K, reserved 1114112K
  class space    used 3582K, committed 3712K, reserved 1048576K
}
Event: 876.919 GC heap before
{Heap before GC invocations=12 (full 0):
 garbage-first heap   total reserved 4110336K, committed 81920K, used 73132K [0x0000000705200000, 0x0000000800000000)
  region size 2048K, 16 young (32768K), 1 survivors (2048K)
 Metaspace       used 29885K, committed 30272K, reserved 1114112K
  class space    used 3582K, committed 3712K, reserved 1048576K
}
Event: 876.921 GC heap after
{Heap after GC invocations=13 (full 0):
 garbage-first heap   total reserved 4110336K, committed 81920K, used 42367K [0x0000000705200000, 0x0000000800000000)
  region size 2048K, 1 young (2048K), 1 survivors (2048K)
 Metaspace       used 29885K, committed 30272K, reserved 1114112K
  class space    used 3582K, committed 3712K, reserved 1048576K
}
Event: 1056.676 GC heap before
{Heap before GC invocations=14 (full 0):
 garbage-first heap   total reserved 4110336K, committed 81920K, used 73087K [0x0000000705200000, 0x0000000800000000)
  region size 2048K, 16 young (32768K), 1 survivors (2048K)
 Metaspace       used 29885K, committed 30272K, reserved 1114112K
  class space    used 3582K, committed 3712K, reserved 1048576K
}
Event: 1056.679 GC heap after
{Heap after GC invocations=15 (full 0):
 garbage-first heap   total reserved 4110336K, committed 81920K, used 42382K [0x0000000705200000, 0x0000000800000000)
  region size 2048K, 1 young (2048K), 1 survivors (2048K)
 Metaspace       used 29885K, committed 30272K, reserved 1114112K
  class space    used 3582K, committed 3712K, reserved 1048576K
}
Event: 1229.060 GC heap before
{Heap before GC invocations=15 (full 0):
 garbage-first heap   total reserved 4110336K, committed 81920K, used 73102K [0x0000000705200000, 0x0000000800000000)
  region size 2048K, 16 young (32768K), 1 survivors (2048K)
 Metaspace       used 29886K, committed 30272K, reserved 1114112K
  class space    used 3582K, committed 3712K, reserved 1048576K
}
Event: 1229.068 GC heap after
{Heap after GC invocations=16 (full 0):
 garbage-first heap   total reserved 4110336K, committed 81920K, used 42138K [0x0000000705200000, 0x0000000800000000)
  region size 2048K, 1 young (2048K), 1 survivors (2048K)
 Metaspace       used 29886K, committed 30272K, reserved 1114112K
  class space    used 3582K, committed 3712K, reserved 1048576K
}
Event: 1400.812 GC heap before
{Heap before GC invocations=16 (full 0):
 garbage-first heap   total reserved 4110336K, committed 81920K, used 72858K [0x0000000705200000, 0x0000000800000000)
  region size 2048K, 16 young (32768K), 1 survivors (2048K)
 Metaspace       used 29886K, committed 30272K, reserved 1114112K
  class space    used 3582K, committed 3712K, reserved 1048576K
}
Event: 1400.815 GC heap after
{Heap after GC invocations=17 (full 0):
 garbage-first heap   total reserved 4110336K, committed 81920K, used 42197K [0x0000000705200000, 0x0000000800000000)
  region size 2048K, 1 young (2048K), 1 survivors (2048K)
 Metaspace       used 29886K, committed 30272K, reserved 1114112K
  class space    used 3582K, committed 3712K, reserved 1048576K
}

